<?xml version="1.0" encoding="UTF-8"?>
<!-- Generated by org.testng.reporters.JUnitXMLReporter -->
<testsuite ignored="1" hostname="DESKTOP-AISRFQ1" failures="0" tests="1" name="Default test" time="35.775" errors="0" timestamp="2022-05-16T17:38:13 IST">
  <testcase classname="com.orangehrm.test.LoginTest" name="login" time="12.222"/>
  <testcase classname="com.orangehrm.test.LoginTest" name="userDetails" time="0.0">
    <ignored/>
  </testcase> <!-- userDetails -->
</testsuite> <!-- Default test -->
