<?xml version="1.0" encoding="UTF-8"?>
<testng-results ignored="1" total="2" passed="1" failed="0" skipped="0">
  <reporter-output>
  </reporter-output>
  <suite started-at="2022-05-16T17:37:37 IST" name="Default suite" finished-at="2022-05-16T17:38:12 IST" duration-ms="35775">
    <groups>
    </groups>
    <test started-at="2022-05-16T17:37:37 IST" name="Default test" finished-at="2022-05-16T17:38:12 IST" duration-ms="35775">
      <class name="com.orangehrm.test.LoginTest">
        <test-method is-config="true" signature="setUP()[pri:0, instance:com.orangehrm.test.LoginTest@20deea7f]" started-at="2022-05-16T17:37:37 IST" name="setUP" finished-at="2022-05-16T17:37:58 IST" duration-ms="20970" status="PASS">
          <reporter-output>
          </reporter-output>
        </test-method> <!-- setUP -->
        <test-method signature="login(java.lang.String,java.lang.String)[pri:0, instance:com.orangehrm.test.LoginTest@20deea7f]" started-at="2022-05-16T17:38:00 IST" name="login" data-provider="getDataXL" finished-at="2022-05-16T17:38:12 IST" duration-ms="12222" status="PASS">
          <params>
            <param index="0">
              <value>
                <![CDATA[Admin]]>
              </value>
            </param>
            <param index="1">
              <value>
                <![CDATA[admin123]]>
              </value>
            </param>
          </params>
          <reporter-output>
          </reporter-output>
        </test-method> <!-- login -->
      </class> <!-- com.orangehrm.test.LoginTest -->
    </test> <!-- Default test -->
  </suite> <!-- Default suite -->
</testng-results>
